<?xml version="1.0" encoding="UTF-8"?>
<testsuite name="SolutionTest" tests="4" skipped="0" failures="0" errors="0" timestamp="2022-07-13T17:20:46" hostname="yuanyu-ubuntu" time="0.037">
  <properties/>
  <testcase name="maxCoinsExamples1()" classname="SolutionTest" time="0.03"/>
  <testcase name="maxCoinsExamples2()" classname="SolutionTest" time="0.002"/>
  <testcase name="maxCoinsDFSExamples1()" classname="SolutionTest" time="0.001"/>
  <testcase name="maxCoinsDFSExamples2()" classname="SolutionTest" time="0.001"/>
  <system-out><![CDATA[]]></system-out>
  <system-err><![CDATA[]]></system-err>
</testsuite>
